ARM GAS  C:\Users\WILKOM~1\AppData\Local\Temp\ccTYvvq4.s 			page 1


   1              		.cpu cortex-m4
   2              		.eabi_attribute 27, 1
   3              		.eabi_attribute 28, 1
   4              		.eabi_attribute 20, 1
   5              		.eabi_attribute 21, 1
   6              		.eabi_attribute 23, 3
   7              		.eabi_attribute 24, 1
   8              		.eabi_attribute 25, 1
   9              		.eabi_attribute 26, 1
  10              		.eabi_attribute 30, 1
  11              		.eabi_attribute 34, 1
  12              		.eabi_attribute 18, 4
  13              		.file	"iwdg.c"
  14              		.text
  15              	.Ltext0:
  16              		.cfi_sections	.debug_frame
  17              		.section	.text.OCTA_IWDG_Init,"ax",%progbits
  18              		.align	1
  19              		.global	OCTA_IWDG_Init
  20              		.arch armv7e-m
  21              		.syntax unified
  22              		.thumb
  23              		.thumb_func
  24              		.fpu fpv4-sp-d16
  26              	OCTA_IWDG_Init:
  27              	.LFB123:
  28              		.file 1 "../../core/platform/octa/src/iwdg.c"
   1:../../core/platform/octa/src/iwdg.c **** #include "iwdg.h"
   2:../../core/platform/octa/src/iwdg.c **** 
   3:../../core/platform/octa/src/iwdg.c **** /**
   4:../../core/platform/octa/src/iwdg.c ****   * @brief IWDG Initialization Function
   5:../../core/platform/octa/src/iwdg.c ****   * @param None
   6:../../core/platform/octa/src/iwdg.c ****   * @retval None
   7:../../core/platform/octa/src/iwdg.c ****   */
   8:../../core/platform/octa/src/iwdg.c **** void OCTA_IWDG_Init(void)
   9:../../core/platform/octa/src/iwdg.c **** {
  29              		.loc 1 9 1 view -0
  30              		.cfi_startproc
  31              		@ args = 0, pretend = 0, frame = 0
  32              		@ frame_needed = 0, uses_anonymous_args = 0
  33 0000 08B5     		push	{r3, lr}
  34              	.LCFI0:
  35              		.cfi_def_cfa_offset 8
  36              		.cfi_offset 3, -8
  37              		.cfi_offset 14, -4
  10:../../core/platform/octa/src/iwdg.c **** 
  11:../../core/platform/octa/src/iwdg.c ****   /* USER CODE BEGIN IWDG_Init 0 */
  12:../../core/platform/octa/src/iwdg.c **** 
  13:../../core/platform/octa/src/iwdg.c ****   /* USER CODE END IWDG_Init 0 */
  14:../../core/platform/octa/src/iwdg.c **** 
  15:../../core/platform/octa/src/iwdg.c ****   /* USER CODE BEGIN IWDG_Init 1 */
  16:../../core/platform/octa/src/iwdg.c **** /*   FLASH_OBProgramInitTypeDef pOBInit;
  17:../../core/platform/octa/src/iwdg.c ****   HAL_FLASH_Unlock();
  18:../../core/platform/octa/src/iwdg.c ****   __HAL_FLASH_CLEAR_FLAG(FLASH_FLAG_OPTVERR); // Clear the FLASH's pending flags.
  19:../../core/platform/octa/src/iwdg.c ****   HAL_FLASH_OB_Unlock();
  20:../../core/platform/octa/src/iwdg.c ****   HAL_FLASHEx_OBGetConfig(&pOBInit); // Get the Option bytes configuration.
  21:../../core/platform/octa/src/iwdg.c ****   if(pOBInit.OptionType==OPTIONBYTE_USER && pOBInit.USERType == OB_USER_IWDG_STOP && pOBInit.USERCo
ARM GAS  C:\Users\WILKOM~1\AppData\Local\Temp\ccTYvvq4.s 			page 2


  22:../../core/platform/octa/src/iwdg.c ****     printf("Watchdog already disabled\r\n");
  23:../../core/platform/octa/src/iwdg.c ****   }
  24:../../core/platform/octa/src/iwdg.c ****   else{
  25:../../core/platform/octa/src/iwdg.c ****     printf("Watchdog disabled\r\n");
  26:../../core/platform/octa/src/iwdg.c ****     pOBInit.OptionType = OPTIONBYTE_USER;
  27:../../core/platform/octa/src/iwdg.c ****     pOBInit.USERType = OB_USER_IWDG_STOP;
  28:../../core/platform/octa/src/iwdg.c ****     pOBInit.USERConfig = OB_IWDG_STOP_FREEZE;
  29:../../core/platform/octa/src/iwdg.c ****     HAL_FLASHEx_OBProgram(&pOBInit);
  30:../../core/platform/octa/src/iwdg.c ****   }
  31:../../core/platform/octa/src/iwdg.c ****   HAL_FLASH_OB_Lock();
  32:../../core/platform/octa/src/iwdg.c ****   HAL_FLASH_Lock();
  33:../../core/platform/octa/src/iwdg.c ****   HAL_FLASH_OB_Launch(); */  
  34:../../core/platform/octa/src/iwdg.c ****   /* USER CODE END IWDG_Init 1 */
  35:../../core/platform/octa/src/iwdg.c ****   hiwdg.Instance = IWDG;
  38              		.loc 1 35 3 view .LVU1
  39              		.loc 1 35 18 is_stmt 0 view .LVU2
  40 0002 0848     		ldr	r0, .L5
  41 0004 084B     		ldr	r3, .L5+4
  42 0006 0360     		str	r3, [r0]
  36:../../core/platform/octa/src/iwdg.c ****   hiwdg.Init.Prescaler = IWDG_PRESCALER_256;
  43              		.loc 1 36 3 is_stmt 1 view .LVU3
  44              		.loc 1 36 24 is_stmt 0 view .LVU4
  45 0008 0623     		movs	r3, #6
  46 000a 4360     		str	r3, [r0, #4]
  37:../../core/platform/octa/src/iwdg.c ****   hiwdg.Init.Window = 4095;
  47              		.loc 1 37 3 is_stmt 1 view .LVU5
  48              		.loc 1 37 21 is_stmt 0 view .LVU6
  49 000c 40F6FF73 		movw	r3, #4095
  50 0010 C360     		str	r3, [r0, #12]
  38:../../core/platform/octa/src/iwdg.c ****   hiwdg.Init.Reload = 4095; 
  51              		.loc 1 38 3 is_stmt 1 view .LVU7
  52              		.loc 1 38 21 is_stmt 0 view .LVU8
  53 0012 8360     		str	r3, [r0, #8]
  39:../../core/platform/octa/src/iwdg.c ****   if (HAL_IWDG_Init(&hiwdg) != HAL_OK)
  54              		.loc 1 39 3 is_stmt 1 view .LVU9
  55              		.loc 1 39 7 is_stmt 0 view .LVU10
  56 0014 FFF7FEFF 		bl	HAL_IWDG_Init
  57              	.LVL0:
  58              		.loc 1 39 6 view .LVU11
  59 0018 00B9     		cbnz	r0, .L4
  60              	.L1:
  40:../../core/platform/octa/src/iwdg.c ****   {
  41:../../core/platform/octa/src/iwdg.c ****     Error_Handler();
  42:../../core/platform/octa/src/iwdg.c ****   }
  43:../../core/platform/octa/src/iwdg.c **** 
  44:../../core/platform/octa/src/iwdg.c **** 
  45:../../core/platform/octa/src/iwdg.c ****   /* USER CODE BEGIN IWDG_Init 2 */
  46:../../core/platform/octa/src/iwdg.c **** 
  47:../../core/platform/octa/src/iwdg.c ****   //ENABLE FREEZE IN STOP MODE
  48:../../core/platform/octa/src/iwdg.c ****   /* USER CODE END IWDG_Init 2 */
  49:../../core/platform/octa/src/iwdg.c **** 
  50:../../core/platform/octa/src/iwdg.c **** }
  61              		.loc 1 50 1 view .LVU12
  62 001a 08BD     		pop	{r3, pc}
  63              	.L4:
  64              	.LBB2:
  41:../../core/platform/octa/src/iwdg.c ****   }
ARM GAS  C:\Users\WILKOM~1\AppData\Local\Temp\ccTYvvq4.s 			page 3


  65              		.loc 1 41 5 is_stmt 1 view .LVU13
  66 001c FFF7FEFF 		bl	Error_Handler
  67              	.LVL1:
  68              	.LBE2:
  69              		.loc 1 50 1 is_stmt 0 view .LVU14
  70 0020 FBE7     		b	.L1
  71              	.L6:
  72 0022 00BF     		.align	2
  73              	.L5:
  74 0024 00000000 		.word	hiwdg
  75 0028 00300040 		.word	1073754112
  76              		.cfi_endproc
  77              	.LFE123:
  79              		.section	.text.IWDG_feed,"ax",%progbits
  80              		.align	1
  81              		.global	IWDG_feed
  82              		.syntax unified
  83              		.thumb
  84              		.thumb_func
  85              		.fpu fpv4-sp-d16
  87              	IWDG_feed:
  88              	.LVL2:
  89              	.LFB124:
  51:../../core/platform/octa/src/iwdg.c **** 
  52:../../core/platform/octa/src/iwdg.c **** void IWDG_feed(void const *argument)
  53:../../core/platform/octa/src/iwdg.c **** {
  90              		.loc 1 53 1 is_stmt 1 view -0
  91              		.cfi_startproc
  92              		@ args = 0, pretend = 0, frame = 0
  93              		@ frame_needed = 0, uses_anonymous_args = 0
  94              		@ link register save eliminated.
  54:../../core/platform/octa/src/iwdg.c ****   WRITE_REG(IWDG->KR, IWDG_KEY_RELOAD);
  95              		.loc 1 54 3 view .LVU16
  96 0000 024B     		ldr	r3, .L8
  97 0002 4AF6AA22 		movw	r2, #43690
  98 0006 1A60     		str	r2, [r3]
  55:../../core/platform/octa/src/iwdg.c **** }...
  99              		.loc 1 55 1 is_stmt 0 view .LVU17
 100 0008 7047     		bx	lr
 101              	.L9:
 102 000a 00BF     		.align	2
 103              	.L8:
 104 000c 00300040 		.word	1073754112
 105              		.cfi_endproc
 106              	.LFE124:
 108              		.comm	hiwdg,16,4
 109              		.text
 110              	.Letext0:
 111              		.file 2 "d:\\softwareunif\\toolchainkit\\8 2019-q3-update\\arm-none-eabi\\include\\machine\\_defau
 112              		.file 3 "d:\\softwareunif\\toolchainkit\\8 2019-q3-update\\arm-none-eabi\\include\\sys\\_stdint.h"
 113              		.file 4 "../../core/ST/CMSIS/Include/core_cm4.h"
 114              		.file 5 "../../core/ST/CMSIS/Device/ST/STM32L4xx/Include/system_stm32l4xx.h"
 115              		.file 6 "../../core/ST/CMSIS/Device/ST/STM32L4xx/Include/stm32l496xx.h"
 116              		.file 7 "../../core/ST/STM32L4xx_HAL_Driver/Inc/stm32l4xx_hal_iwdg.h"
 117              		.file 8 "../../core/ST/STM32L4xx_HAL_Driver/Inc/stm32l4xx_hal.h"
 118              		.file 9 "../../core/platform/octa/inc/iwdg.h"
 119              		.file 10 "../../core/ST/STM32L4xx_HAL_Driver/Inc/stm32l4xx_hal_def.h"
ARM GAS  C:\Users\WILKOM~1\AppData\Local\Temp\ccTYvvq4.s 			page 4


ARM GAS  C:\Users\WILKOM~1\AppData\Local\Temp\ccTYvvq4.s 			page 5


DEFINED SYMBOLS
                            *ABS*:00000000 iwdg.c
C:\Users\WILKOM~1\AppData\Local\Temp\ccTYvvq4.s:18     .text.OCTA_IWDG_Init:00000000 $t
C:\Users\WILKOM~1\AppData\Local\Temp\ccTYvvq4.s:26     .text.OCTA_IWDG_Init:00000000 OCTA_IWDG_Init
C:\Users\WILKOM~1\AppData\Local\Temp\ccTYvvq4.s:74     .text.OCTA_IWDG_Init:00000024 $d
                            *COM*:00000010 hiwdg
C:\Users\WILKOM~1\AppData\Local\Temp\ccTYvvq4.s:80     .text.IWDG_feed:00000000 $t
C:\Users\WILKOM~1\AppData\Local\Temp\ccTYvvq4.s:87     .text.IWDG_feed:00000000 IWDG_feed
C:\Users\WILKOM~1\AppData\Local\Temp\ccTYvvq4.s:104    .text.IWDG_feed:0000000c $d

UNDEFINED SYMBOLS
HAL_IWDG_Init
Error_Handler
