ARM GAS  C:\Users\WILKOM~1\AppData\Local\Temp\cc2uYKNG.s 			page 1


   1              		.cpu cortex-m4
   2              		.eabi_attribute 27, 1
   3              		.eabi_attribute 28, 1
   4              		.eabi_attribute 20, 1
   5              		.eabi_attribute 21, 1
   6              		.eabi_attribute 23, 3
   7              		.eabi_attribute 24, 1
   8              		.eabi_attribute 25, 1
   9              		.eabi_attribute 26, 1
  10              		.eabi_attribute 30, 1
  11              		.eabi_attribute 34, 1
  12              		.eabi_attribute 18, 4
  13              		.file	"iwdg.c"
  14              		.text
  15              	.Ltext0:
  16              		.cfi_sections	.debug_frame
  17              		.section	.text.OCTA_IWDG_Init,"ax",%progbits
  18              		.align	1
  19              		.global	OCTA_IWDG_Init
  20              		.arch armv7e-m
  21              		.syntax unified
  22              		.thumb
  23              		.thumb_func
  24              		.fpu fpv4-sp-d16
  26              	OCTA_IWDG_Init:
  27              	.LFB123:
  28              		.file 1 "../../core/platform/octa/src/iwdg.c"
   1:../../core/platform/octa/src/iwdg.c **** #include "iwdg.h"
   2:../../core/platform/octa/src/iwdg.c **** 
   3:../../core/platform/octa/src/iwdg.c **** /**
   4:../../core/platform/octa/src/iwdg.c ****   * @brief IWDG Initialization Function
   5:../../core/platform/octa/src/iwdg.c ****   * @param None
   6:../../core/platform/octa/src/iwdg.c ****   * @retval None
   7:../../core/platform/octa/src/iwdg.c ****   */
   8:../../core/platform/octa/src/iwdg.c **** void OCTA_IWDG_Init(void)
   9:../../core/platform/octa/src/iwdg.c **** {
  29              		.loc 1 9 1 view -0
  30              		.cfi_startproc
  31              		@ args = 0, pretend = 0, frame = 40
  32              		@ frame_needed = 0, uses_anonymous_args = 0
  33 0000 00B5     		push	{lr}
  34              	.LCFI0:
  35              		.cfi_def_cfa_offset 4
  36              		.cfi_offset 14, -4
  37 0002 8BB0     		sub	sp, sp, #44
  38              	.LCFI1:
  39              		.cfi_def_cfa_offset 48
  10:../../core/platform/octa/src/iwdg.c **** 
  11:../../core/platform/octa/src/iwdg.c ****   /* USER CODE BEGIN IWDG_Init 0 */
  12:../../core/platform/octa/src/iwdg.c **** 
  13:../../core/platform/octa/src/iwdg.c ****   /* USER CODE END IWDG_Init 0 */
  14:../../core/platform/octa/src/iwdg.c **** 
  15:../../core/platform/octa/src/iwdg.c ****   /* USER CODE BEGIN IWDG_Init 1 */
  16:../../core/platform/octa/src/iwdg.c ****   FLASH_OBProgramInitTypeDef pOBInit;
  40              		.loc 1 16 3 view .LVU1
  17:../../core/platform/octa/src/iwdg.c ****   HAL_FLASH_Unlock();
  41              		.loc 1 17 3 view .LVU2
ARM GAS  C:\Users\WILKOM~1\AppData\Local\Temp\cc2uYKNG.s 			page 2


  42 0004 FFF7FEFF 		bl	HAL_FLASH_Unlock
  43              	.LVL0:
  18:../../core/platform/octa/src/iwdg.c ****   __HAL_FLASH_CLEAR_FLAG(FLASH_FLAG_OPTVERR); // Clear the FLASH's pending flags.
  44              		.loc 1 18 3 view .LVU3
  45              		.loc 1 18 3 view .LVU4
  46              		.loc 1 18 3 view .LVU5
  47              		.loc 1 18 3 view .LVU6
  48 0008 1C4B     		ldr	r3, .L8
  49 000a 4FF40042 		mov	r2, #32768
  50 000e 1A61     		str	r2, [r3, #16]
  19:../../core/platform/octa/src/iwdg.c ****   HAL_FLASH_OB_Unlock();
  51              		.loc 1 19 3 view .LVU7
  52 0010 FFF7FEFF 		bl	HAL_FLASH_OB_Unlock
  53              	.LVL1:
  20:../../core/platform/octa/src/iwdg.c ****   HAL_FLASHEx_OBGetConfig(&pOBInit); // Get the Option bytes configuration.
  54              		.loc 1 20 3 view .LVU8
  55 0014 6846     		mov	r0, sp
  56 0016 FFF7FEFF 		bl	HAL_FLASHEx_OBGetConfig
  57              	.LVL2:
  21:../../core/platform/octa/src/iwdg.c ****   if(pOBInit.OptionType==OPTIONBYTE_USER && pOBInit.USERType == OB_USER_IWDG_STOP && pOBInit.USERCo
  58              		.loc 1 21 3 view .LVU9
  59              		.loc 1 21 13 is_stmt 0 view .LVU10
  60 001a 009B     		ldr	r3, [sp]
  61              		.loc 1 21 5 view .LVU11
  62 001c 042B     		cmp	r3, #4
  63 001e 02D1     		bne	.L2
  64              		.loc 1 21 52 discriminator 1 view .LVU12
  65 0020 059B     		ldr	r3, [sp, #20]
  66              		.loc 1 21 42 discriminator 1 view .LVU13
  67 0022 102B     		cmp	r3, #16
  68 0024 20D0     		beq	.L6
  69              	.L2:
  70              	.LBB2:
  22:../../core/platform/octa/src/iwdg.c ****     printf("Watchdog already disabled\r\n");
  23:../../core/platform/octa/src/iwdg.c ****   }
  24:../../core/platform/octa/src/iwdg.c ****   else{
  25:../../core/platform/octa/src/iwdg.c ****     printf("Watchdog disabled\r\n");
  71              		.loc 1 25 5 is_stmt 1 view .LVU14
  72 0026 1648     		ldr	r0, .L8+4
  73 0028 FFF7FEFF 		bl	puts
  74              	.LVL3:
  26:../../core/platform/octa/src/iwdg.c ****     pOBInit.OptionType = OPTIONBYTE_USER;
  75              		.loc 1 26 5 view .LVU15
  76              		.loc 1 26 24 is_stmt 0 view .LVU16
  77 002c 0423     		movs	r3, #4
  78 002e 0093     		str	r3, [sp]
  27:../../core/platform/octa/src/iwdg.c ****     pOBInit.USERType = OB_USER_IWDG_STOP;
  79              		.loc 1 27 5 is_stmt 1 view .LVU17
  80              		.loc 1 27 22 is_stmt 0 view .LVU18
  81 0030 1023     		movs	r3, #16
  82 0032 0593     		str	r3, [sp, #20]
  28:../../core/platform/octa/src/iwdg.c ****     pOBInit.USERConfig = OB_IWDG_STOP_FREEZE;
  83              		.loc 1 28 5 is_stmt 1 view .LVU19
  84              		.loc 1 28 24 is_stmt 0 view .LVU20
  85 0034 0023     		movs	r3, #0
  86 0036 0693     		str	r3, [sp, #24]
  29:../../core/platform/octa/src/iwdg.c ****     HAL_FLASHEx_OBProgram(&pOBInit);
ARM GAS  C:\Users\WILKOM~1\AppData\Local\Temp\cc2uYKNG.s 			page 3


  87              		.loc 1 29 5 is_stmt 1 view .LVU21
  88 0038 6846     		mov	r0, sp
  89 003a FFF7FEFF 		bl	HAL_FLASHEx_OBProgram
  90              	.LVL4:
  91              	.L3:
  92              	.LBE2:
  30:../../core/platform/octa/src/iwdg.c ****   }
  31:../../core/platform/octa/src/iwdg.c ****   HAL_FLASH_OB_Lock();
  93              		.loc 1 31 3 view .LVU22
  94 003e FFF7FEFF 		bl	HAL_FLASH_OB_Lock
  95              	.LVL5:
  32:../../core/platform/octa/src/iwdg.c ****   HAL_FLASH_Lock();
  96              		.loc 1 32 3 view .LVU23
  97 0042 FFF7FEFF 		bl	HAL_FLASH_Lock
  98              	.LVL6:
  33:../../core/platform/octa/src/iwdg.c ****   HAL_FLASH_OB_Launch();  
  99              		.loc 1 33 3 view .LVU24
 100 0046 FFF7FEFF 		bl	HAL_FLASH_OB_Launch
 101              	.LVL7:
  34:../../core/platform/octa/src/iwdg.c ****   /* USER CODE END IWDG_Init 1 */
  35:../../core/platform/octa/src/iwdg.c ****   hiwdg.Instance = IWDG;
 102              		.loc 1 35 3 view .LVU25
 103              		.loc 1 35 18 is_stmt 0 view .LVU26
 104 004a 0E48     		ldr	r0, .L8+8
 105 004c 0E4B     		ldr	r3, .L8+12
 106 004e 0360     		str	r3, [r0]
  36:../../core/platform/octa/src/iwdg.c ****   hiwdg.Init.Prescaler = IWDG_PRESCALER_256;
 107              		.loc 1 36 3 is_stmt 1 view .LVU27
 108              		.loc 1 36 24 is_stmt 0 view .LVU28
 109 0050 0623     		movs	r3, #6
 110 0052 4360     		str	r3, [r0, #4]
  37:../../core/platform/octa/src/iwdg.c ****   hiwdg.Init.Window = 4095;
 111              		.loc 1 37 3 is_stmt 1 view .LVU29
 112              		.loc 1 37 21 is_stmt 0 view .LVU30
 113 0054 40F6FF73 		movw	r3, #4095
 114 0058 C360     		str	r3, [r0, #12]
  38:../../core/platform/octa/src/iwdg.c ****   hiwdg.Init.Reload = 4095; 
 115              		.loc 1 38 3 is_stmt 1 view .LVU31
 116              		.loc 1 38 21 is_stmt 0 view .LVU32
 117 005a 8360     		str	r3, [r0, #8]
  39:../../core/platform/octa/src/iwdg.c ****   if (HAL_IWDG_Init(&hiwdg) != HAL_OK)
 118              		.loc 1 39 3 is_stmt 1 view .LVU33
 119              		.loc 1 39 7 is_stmt 0 view .LVU34
 120 005c FFF7FEFF 		bl	HAL_IWDG_Init
 121              	.LVL8:
 122              		.loc 1 39 6 view .LVU35
 123 0060 48B9     		cbnz	r0, .L7
 124              	.L1:
  40:../../core/platform/octa/src/iwdg.c ****   {
  41:../../core/platform/octa/src/iwdg.c ****     Error_Handler();
  42:../../core/platform/octa/src/iwdg.c ****   }
  43:../../core/platform/octa/src/iwdg.c **** 
  44:../../core/platform/octa/src/iwdg.c **** 
  45:../../core/platform/octa/src/iwdg.c ****   /* USER CODE BEGIN IWDG_Init 2 */
  46:../../core/platform/octa/src/iwdg.c **** 
  47:../../core/platform/octa/src/iwdg.c ****   //ENABLE FREEZE IN STOP MODE
  48:../../core/platform/octa/src/iwdg.c ****   /* USER CODE END IWDG_Init 2 */
ARM GAS  C:\Users\WILKOM~1\AppData\Local\Temp\cc2uYKNG.s 			page 4


  49:../../core/platform/octa/src/iwdg.c **** 
  50:../../core/platform/octa/src/iwdg.c **** }
 125              		.loc 1 50 1 view .LVU36
 126 0062 0BB0     		add	sp, sp, #44
 127              	.LCFI2:
 128              		.cfi_remember_state
 129              		.cfi_def_cfa_offset 4
 130              		@ sp needed
 131 0064 5DF804FB 		ldr	pc, [sp], #4
 132              	.L6:
 133              	.LCFI3:
 134              		.cfi_restore_state
  21:../../core/platform/octa/src/iwdg.c ****     printf("Watchdog already disabled\r\n");
 135              		.loc 1 21 93 discriminator 2 view .LVU37
 136 0068 069B     		ldr	r3, [sp, #24]
  21:../../core/platform/octa/src/iwdg.c ****     printf("Watchdog already disabled\r\n");
 137              		.loc 1 21 83 discriminator 2 view .LVU38
 138 006a 002B     		cmp	r3, #0
 139 006c DBD1     		bne	.L2
 140              	.LBB3:
  22:../../core/platform/octa/src/iwdg.c ****   }
 141              		.loc 1 22 5 is_stmt 1 view .LVU39
 142 006e 0748     		ldr	r0, .L8+16
 143 0070 FFF7FEFF 		bl	puts
 144              	.LVL9:
 145              	.LBE3:
  21:../../core/platform/octa/src/iwdg.c ****     printf("Watchdog already disabled\r\n");
 146              		.loc 1 21 128 is_stmt 0 view .LVU40
 147 0074 E3E7     		b	.L3
 148              	.L7:
 149              	.LBB4:
  41:../../core/platform/octa/src/iwdg.c ****   }
 150              		.loc 1 41 5 is_stmt 1 view .LVU41
 151 0076 FFF7FEFF 		bl	Error_Handler
 152              	.LVL10:
 153              	.LBE4:
 154              		.loc 1 50 1 is_stmt 0 view .LVU42
 155 007a F2E7     		b	.L1
 156              	.L9:
 157              		.align	2
 158              	.L8:
 159 007c 00200240 		.word	1073881088
 160 0080 1C000000 		.word	.LC1
 161 0084 00000000 		.word	hiwdg
 162 0088 00300040 		.word	1073754112
 163 008c 00000000 		.word	.LC0
 164              		.cfi_endproc
 165              	.LFE123:
 167              		.section	.text.IWDG_feed,"ax",%progbits
 168              		.align	1
 169              		.global	IWDG_feed
 170              		.syntax unified
 171              		.thumb
 172              		.thumb_func
 173              		.fpu fpv4-sp-d16
 175              	IWDG_feed:
 176              	.LVL11:
ARM GAS  C:\Users\WILKOM~1\AppData\Local\Temp\cc2uYKNG.s 			page 5


 177              	.LFB124:
  51:../../core/platform/octa/src/iwdg.c **** 
  52:../../core/platform/octa/src/iwdg.c **** void IWDG_feed(void const *argument)
  53:../../core/platform/octa/src/iwdg.c **** {
 178              		.loc 1 53 1 is_stmt 1 view -0
 179              		.cfi_startproc
 180              		@ args = 0, pretend = 0, frame = 0
 181              		@ frame_needed = 0, uses_anonymous_args = 0
 182              		@ link register save eliminated.
  54:../../core/platform/octa/src/iwdg.c ****   WRITE_REG(IWDG->KR, IWDG_KEY_RELOAD);
 183              		.loc 1 54 3 view .LVU44
 184 0000 024B     		ldr	r3, .L11
 185 0002 4AF6AA22 		movw	r2, #43690
 186 0006 1A60     		str	r2, [r3]
  55:../../core/platform/octa/src/iwdg.c **** }...
 187              		.loc 1 55 1 is_stmt 0 view .LVU45
 188 0008 7047     		bx	lr
 189              	.L12:
 190 000a 00BF     		.align	2
 191              	.L11:
 192 000c 00300040 		.word	1073754112
 193              		.cfi_endproc
 194              	.LFE124:
 196              		.comm	hiwdg,16,4
 197              		.section	.rodata.OCTA_IWDG_Init.str1.4,"aMS",%progbits,1
 198              		.align	2
 199              	.LC0:
 200 0000 57617463 		.ascii	"Watchdog already disabled\015\000"
 200      68646F67 
 200      20616C72 
 200      65616479 
 200      20646973 
 201 001b 00       		.space	1
 202              	.LC1:
 203 001c 57617463 		.ascii	"Watchdog disabled\015\000"
 203      68646F67 
 203      20646973 
 203      61626C65 
 203      640D00
 204              		.text
 205              	.Letext0:
 206              		.file 2 "d:\\softwareunif\\toolchainkit\\8 2019-q3-update\\arm-none-eabi\\include\\machine\\_defau
 207              		.file 3 "d:\\softwareunif\\toolchainkit\\8 2019-q3-update\\arm-none-eabi\\include\\sys\\_stdint.h"
 208              		.file 4 "../../core/ST/CMSIS/Include/core_cm4.h"
 209              		.file 5 "../../core/ST/CMSIS/Device/ST/STM32L4xx/Include/system_stm32l4xx.h"
 210              		.file 6 "../../core/ST/CMSIS/Device/ST/STM32L4xx/Include/stm32l496xx.h"
 211              		.file 7 "../../core/ST/STM32L4xx_HAL_Driver/Inc/stm32l4xx_hal_flash.h"
 212              		.file 8 "../../core/ST/STM32L4xx_HAL_Driver/Inc/stm32l4xx_hal_iwdg.h"
 213              		.file 9 "../../core/ST/STM32L4xx_HAL_Driver/Inc/stm32l4xx_hal.h"
 214              		.file 10 "../../core/platform/octa/inc/iwdg.h"
 215              		.file 11 "<built-in>"
 216              		.file 12 "../../core/ST/STM32L4xx_HAL_Driver/Inc/stm32l4xx_hal_flash_ex.h"
 217              		.file 13 "../../core/ST/STM32L4xx_HAL_Driver/Inc/stm32l4xx_hal_def.h"
ARM GAS  C:\Users\WILKOM~1\AppData\Local\Temp\cc2uYKNG.s 			page 6


DEFINED SYMBOLS
                            *ABS*:00000000 iwdg.c
C:\Users\WILKOM~1\AppData\Local\Temp\cc2uYKNG.s:18     .text.OCTA_IWDG_Init:00000000 $t
C:\Users\WILKOM~1\AppData\Local\Temp\cc2uYKNG.s:26     .text.OCTA_IWDG_Init:00000000 OCTA_IWDG_Init
C:\Users\WILKOM~1\AppData\Local\Temp\cc2uYKNG.s:159    .text.OCTA_IWDG_Init:0000007c $d
                            *COM*:00000010 hiwdg
C:\Users\WILKOM~1\AppData\Local\Temp\cc2uYKNG.s:168    .text.IWDG_feed:00000000 $t
C:\Users\WILKOM~1\AppData\Local\Temp\cc2uYKNG.s:175    .text.IWDG_feed:00000000 IWDG_feed
C:\Users\WILKOM~1\AppData\Local\Temp\cc2uYKNG.s:192    .text.IWDG_feed:0000000c $d
C:\Users\WILKOM~1\AppData\Local\Temp\cc2uYKNG.s:198    .rodata.OCTA_IWDG_Init.str1.4:00000000 $d

UNDEFINED SYMBOLS
HAL_FLASH_Unlock
HAL_FLASH_OB_Unlock
HAL_FLASHEx_OBGetConfig
puts
HAL_FLASHEx_OBProgram
HAL_FLASH_OB_Lock
HAL_FLASH_Lock
HAL_FLASH_OB_Launch
HAL_IWDG_Init
Error_Handler
